<?xml version="1.0" encoding="UTF-8"?>
<!-- Generated by org.testng.reporters.JUnitXMLReporter -->
<testsuite hostname="DESKTOP-V7H90I8" ignored="1" name="test" tests="4" failures="0" timestamp="03 авг 2018 18:13:23 GMT" time="0.045" errors="0">
  <testcase name="constructorTest" time="0.009" classname="com.academy.test.CurrencyTest"/>
  <testcase name="copyConstructorTest" time="0.0" classname="com.academy.test.CurrencyTest"/>
  <testcase name="isEqualTest" time="0.0" classname="com.academy.test.CurrencyTest"/>
  <testcase name="testPasswordValidator" time="0.01" classname="com.academy.test.lesson10.FxValidatorTests"/>
  <testcase name="testTime" time="0.0" classname="com.academy.test.lesson10.task1.TimeTests">
    <ignored/>
  </testcase> <!-- testTime -->
</testsuite> <!-- test -->
